<?xml version="1.0" encoding="UTF-8"?>
<!-- Generated by org.testng.reporters.JUnitReportReporter -->
<testsuite hostname="LAPTOP-IEI6PMSG" failures="0" tests="1" name="Iframes.Iframes_test" time="6.048" errors="0" timestamp="2025-06-09T13:56:35 IST" skipped="0">
  <testcase classname="Iframes.Iframes_test" name="test_Iframes" time="6.048"/>
</testsuite> <!-- Iframes.Iframes_test -->
