<?xml version="1.0" encoding="UTF-8"?>
<!-- Generated by org.testng.reporters.JUnitReportReporter -->
<testsuite hostname="LAPTOP-IEI6PMSG" failures="0" tests="2" name="Navigation.Navigation_test" time="28.056" errors="0" timestamp="2025-06-10T20:53:41 IST" skipped="0">
  <testcase classname="Navigation.Navigation_test" name="test_Navigation" time="22.226"/>
  <testcase classname="Navigation.Navigation_test" name="test_SwitchTab" time="5.830"/>
</testsuite> <!-- Navigation.Navigation_test -->
