<?xml version="1.0" encoding="UTF-8"?>
<!-- Generated by org.testng.reporters.JUnitReportReporter -->
<testsuite hostname="LAPTOP-IEI6PMSG" failures="0" tests="1" name="dropdown.DropdownTest" time="9.765" errors="0" timestamp="2025-06-14T16:27:15 IST" skipped="0">
  <testcase classname="dropdown.DropdownTest" name="testSelectOptions" time="9.765"/>
</testsuite> <!-- dropdown.DropdownTest -->
