<?xml version="1.0" encoding="UTF-8"?>
<!-- Generated by org.testng.reporters.JUnitReportReporter -->
<testsuite hostname="LAPTOP-IEI6PMSG" failures="0" tests="1" name="FileUpload.FileUploadTest" time="16.257" errors="0" timestamp="2025-06-07T14:57:52 IST" skipped="0">
  <testcase classname="FileUpload.FileUploadTest" name="testFileUpload" time="16.257"/>
</testsuite> <!-- FileUpload.FileUploadTest -->
