<?xml version="1.0" encoding="UTF-8"?>
<!-- Generated by org.testng.reporters.JUnitReportReporter -->
<testsuite hostname="LAPTOP-IEI6PMSG" failures="0" tests="3" name="alert.AlertTest" time="7.049" errors="0" timestamp="2025-06-03T19:05:02 IST" skipped="0">
  <testcase classname="alert.AlertTest" name="test_AcceptAlert" time="4.829"/>
  <testcase classname="alert.AlertTest" name="test_PromptAlert" time="1.101"/>
  <testcase classname="alert.AlertTest" name="test_DismissedAlert" time="1.119"/>
</testsuite> <!-- alert.AlertTest -->
