<?xml version="1.0" encoding="UTF-8"?>
<!-- Generated by org.testng.reporters.JUnitReportReporter -->
<testsuite hostname="LAPTOP-IEI6PMSG" failures="0" tests="1" name="Contextmenu.Context_test" time="4.906" errors="0" timestamp="2025-06-07T17:12:33 IST" skipped="0">
  <testcase classname="Contextmenu.Context_test" name="test_Context" time="4.906"/>
</testsuite> <!-- Contextmenu.Context_test -->
