<?xml version="1.0" encoding="UTF-8"?>
<!-- Generated by org.testng.reporters.JUnitReportReporter -->
<testsuite hostname="LAPTOP-IEI6PMSG" failures="0" tests="2" name="keyPresses.KeyPressesTest" time="14.275" errors="0" timestamp="2025-06-11T16:55:20 IST" skipped="0">
  <testcase classname="keyPresses.KeyPressesTest" name="testEnterPie" time="12.804"/>
  <testcase classname="keyPresses.KeyPressesTest" name="testBackspace" time="1.471"/>
</testsuite> <!-- keyPresses.KeyPressesTest -->
